Arguments: 
  /Users/yanyumei/.nvm/versions/node/v12.22.7/bin/node /Users/yanyumei/.yarn/bin/yarn.js add react-xlsx-renderer

PATH: 
  /Users/yanyumei/anaconda3/bin:/Users/yanyumei/anaconda3/condabin:/Users/yanyumei/.yarn/bin:/Users/yanyumei/.config/yarn/global/node_modules/.bin:/Users/yanyumei/.nvm/versions/node/v12.22.7/bin:/usr/local/bin:/usr/bin:/bin:/usr/sbin:/sbin

Yarn version: 
  1.22.15

Node version: 
  12.22.7

Platform: 
  darwin x64

Trace: 
  Error: http://nexus.stonewise.cn/repository/npm-group/react-xlsx-renderer: Not found
      at Request.params.callback [as _callback] (/Users/yanyumei/.yarn/lib/cli.js:67031:18)
      at Request.self.callback (/Users/yanyumei/.yarn/lib/cli.js:140885:22)
      at Request.emit (events.js:314:20)
      at Request.<anonymous> (/Users/yanyumei/.yarn/lib/cli.js:141857:10)
      at Request.emit (events.js:314:20)
      at IncomingMessage.<anonymous> (/Users/yanyumei/.yarn/lib/cli.js:141779:12)
      at Object.onceWrapper (events.js:420:28)
      at IncomingMessage.emit (events.js:326:22)
      at endReadableNT (_stream_readable.js:1241:12)
      at processTicksAndRejections (internal/process/task_queues.js:84:21)

npm manifest: 
  {
      "name": "manage-system",
      "version": "1.0.0",
      "description": "react",
      "main": "index.js",
      "scripts": {
          "serve": "cross-env NODE_ENV=dev webpack-dev-server --host 0.0.0.0 --config webpack.config.dev.js",
          "build": "cross-env NODE_ENV=prd webpack --config webpack.config.prd.js",
          "build:test": "cross-env NODE_ENV=test webpack --config webpack.config.prd.js",
          "format": "prettier --write src/**/*.{js,jsx,ts,tsx}",
          "lint": "eslint --no-error-on-unmatched-pattern --fix src/*"
      },
      "husky": {
          "hooks": {
              "pre-commit": "lint-staged"
          }
      },
      "lint-staged": {
          "src/**/*.{js,jsx,ts,tsx}": [
              "eslint ./src --fix",
              "git add"
          ]
      },
      "devDependencies": {
          "@babel/core": "^7.10.1",
          "@babel/plugin-proposal-class-properties": "^7.10.1",
          "@babel/plugin-proposal-decorators": "^7.10.1",
          "@babel/plugin-syntax-class-properties": "^7.10.1",
          "@babel/preset-env": "^7.10.1",
          "@babel/preset-react": "^7.10.1",
          "autoprefixer": "^9.8.0",
          "babel-eslint": "^10.1.0",
          "babel-loader": "^8.1.0",
          "babel-plugin-import": "^1.13.0",
          "clean-webpack-plugin": "^3.0.0",
          "copy-webpack-plugin": "^6.0.3",
          "cross-env": "^7.0.2",
          "css-loader": "^3.5.3",
          "cssnano": "^4.1.10",
          "eslint": "7.2.0",
          "eslint-config-airbnb": "18.2.0",
          "eslint-config-prettier": "^6.11.0",
          "eslint-loader": "^4.0.2",
          "eslint-plugin-import": "^2.21.2",
          "eslint-plugin-jsx-a11y": "^6.3.0",
          "eslint-plugin-prettier": "^3.1.4",
          "eslint-plugin-react": "^7.20.0",
          "eslint-plugin-react-hooks": "4.0.0",
          "file-loader": "^6.0.0",
          "html-webpack-plugin": "^4.3.0",
          "http-proxy-middleware": "^1.0.5",
          "husky": "^4.2.5",
          "lint-staged": "^10.2.11",
          "mini-css-extract-plugin": "^0.9.0",
          "node-sass": "^4.14.1",
          "optimize-css-assets-webpack-plugin": "^5.0.3",
          "postcss-loader": "^3.0.0",
          "prettier": "^2.0.5",
          "redux-devtools-extension": "^2.13.8",
          "sass-loader": "^8.0.2",
          "url-loader": "^4.1.0",
          "webpack": "^4.43.0",
          "webpack-bundle-analyzer": "^3.8.0",
          "webpack-cli": "^3.3.11",
          "webpack-dev-server": "^3.11.0",
          "webpack-merge": "^4.2.2"
      },
      "repository": {
          "type": "git",
          "url": "https://service.stonewise.cn:8029/engineering/front/patent-extract"
      },
      "keywords": [],
      "author": "",
      "license": "ISC",
      "proxy": "http://192.168.1.107:7103",
      "dependencies": {
          "@ant-design/icons": "^4.2.2",
          "@babel/polyfill": "^7.11.5",
          "@cyntler/react-doc-viewer": "^1.13.0",
          "antd": "^4.5.1",
          "axios": "^0.19.2",
          "echarts": "^5.0.0",
          "echarts-for-react": "^2.0.16",
          "eslint-plugin-html": "^6.1.0",
          "keymirror": "^0.1.1",
          "react": "^16.13.1",
          "react-doc-viewer": "^0.1.5",
          "react-dom": "^16.13.1",
          "react-highlight-words": "^0.16.0",
          "react-redux": "^7.2.1",
          "react-router-config": "^5.1.1",
          "react-router-dom": "^5.2.0",
          "react-router-redux": "^4.0.8",
          "redux": "^4.0.5",
          "redux-thunk": "^2.3.0",
          "save-dev": "0.0.1-security",
          "swiper": "^6.8.0"
      }
  }

yarn manifest: 
  No manifest

Lockfile: 
  No lockfile
